  Assembling U10516045_ch5_1_x64.asm...
U10516045_ch5_1_x64.asm(10): error A2013: .MODEL must precede this directive
U10516045_ch5_1_x64.asm(11): error A2034: must be in segment block
U10516045_ch5_1_x64.asm(12): error A2034: must be in segment block
U10516045_ch5_1_x64.asm(13): error A2034: must be in segment block
U10516045_ch5_1_x64.asm(14): error A2034: must be in segment block
U10516045_ch5_1_x64.asm(15): error A2034: must be in segment block
U10516045_ch5_1_x64.asm(16): error A2034: must be in segment block
U10516045_ch5_1_x64.asm(17): error A2034: must be in segment block
U10516045_ch5_1_x64.asm(18): error A2034: must be in segment block
U10516045_ch5_1_x64.asm(19): error A2034: must be in segment block
U10516045_ch5_1_x64.asm(20): error A2034: must be in segment block
U10516045_ch5_1_x64.asm(21): error A2034: must be in segment block
U10516045_ch5_1_x64.asm(22): error A2034: must be in segment block
U10516045_ch5_1_x64.asm(24): error A2013: .MODEL must precede this directive
U10516045_ch5_1_x64.asm(25): error A2034: must be in segment block : main
U10516045_ch5_1_x64.asm(26): error A2034: must be in segment block
U10516045_ch5_1_x64.asm(27): error A2034: must be in segment block
U10516045_ch5_1_x64.asm(28): error A2034: must be in segment block
U10516045_ch5_1_x64.asm(30): error A2034: must be in segment block
U10516045_ch5_1_x64.asm(31): error A2034: must be in segment block
U10516045_ch5_1_x64.asm(32): error A2034: must be in segment block
U10516045_ch5_1_x64.asm(33): error A2034: must be in segment block
U10516045_ch5_1_x64.asm(34): error A2034: must be in segment block
U10516045_ch5_1_x64.asm(36): error A2034: must be in segment block
U10516045_ch5_1_x64.asm(37): error A2034: must be in segment block
U10516045_ch5_1_x64.asm(38): error A2034: must be in segment block
U10516045_ch5_1_x64.asm(39): error A2034: must be in segment block
U10516045_ch5_1_x64.asm(40): error A2034: must be in segment block
U10516045_ch5_1_x64.asm(42): error A2034: must be in segment block
U10516045_ch5_1_x64.asm(43): error A2034: must be in segment block
U10516045_ch5_1_x64.asm(44): error A2034: must be in segment block
U10516045_ch5_1_x64.asm(45): error A2034: must be in segment block
U10516045_ch5_1_x64.asm(46): error A2034: must be in segment block
U10516045_ch5_1_x64.asm(48): error A2034: must be in segment block
U10516045_ch5_1_x64.asm(49): error A2034: must be in segment block
U10516045_ch5_1_x64.asm(50): error A2034: must be in segment block
U10516045_ch5_1_x64.asm(51): error A2034: must be in segment block
U10516045_ch5_1_x64.asm(52): error A2034: must be in segment block
U10516045_ch5_1_x64.asm(53): error A2034: must be in segment block
U10516045_ch5_1_x64.asm(54): error A2034: must be in segment block
U10516045_ch5_1_x64.asm(55): error A2034: must be in segment block
U10516045_ch5_1_x64.asm(56): error A2034: must be in segment block
U10516045_ch5_1_x64.asm(57): error A2034: must be in segment block
U10516045_ch5_1_x64.asm(58): error A2034: must be in segment block
U10516045_ch5_1_x64.asm(60): error A2034: must be in segment block
U10516045_ch5_1_x64.asm(61): error A2034: must be in segment block
U10516045_ch5_1_x64.asm(62): error A2034: must be in segment block
U10516045_ch5_1_x64.asm(63): error A2034: must be in segment block
U10516045_ch5_1_x64.asm(65): error A2034: must be in segment block
U10516045_ch5_1_x64.asm(66): error A2034: must be in segment block
U10516045_ch5_1_x64.asm(67): error A2034: must be in segment block
U10516045_ch5_1_x64.asm(68): error A2034: must be in segment block
U10516045_ch5_1_x64.asm(69): error A2034: must be in segment block
U10516045_ch5_1_x64.asm(70): error A2034: must be in segment block
U10516045_ch5_1_x64.asm(72): error A2034: must be in segment block
U10516045_ch5_1_x64.asm(73): error A2034: must be in segment block
U10516045_ch5_1_x64.asm(74): error A2034: must be in segment block
U10516045_ch5_1_x64.asm(75): error A2034: must be in segment block
U10516045_ch5_1_x64.asm(77): error A2034: must be in segment block
U10516045_ch5_1_x64.asm(78): error A2034: must be in segment block
U10516045_ch5_1_x64.asm(79): error A2034: must be in segment block
U10516045_ch5_1_x64.asm(80): error A2034: must be in segment block
U10516045_ch5_1_x64.asm(82): error A2034: must be in segment block
U10516045_ch5_1_x64.asm(83): error A2034: must be in segment block
U10516045_ch5_1_x64.asm(84): error A2008: syntax error : rdx
U10516045_ch5_1_x64.asm(85): error A2034: must be in segment block
U10516045_ch5_1_x64.asm(86): error A2034: must be in segment block
U10516045_ch5_1_x64.asm(87): error A2034: must be in segment block
U10516045_ch5_1_x64.asm(88): error A2034: must be in segment block
U10516045_ch5_1_x64.asm(89): error A2034: must be in segment block
U10516045_ch5_1_x64.asm(90): fatal error A1010: unmatched block nesting : main
C:\Program Files (x86)\Microsoft Visual Studio\2017\Enterprise\Common7\IDE\VC\VCTargets\BuildCustomizations\masm.targets(69,5): error MSB3721: The command "ml.exe /c /nologo /Zi /Fo"Debug\U10516045_ch5_1_x64.obj" /W3 /errorReport:prompt  /TaU10516045_ch5_1_x64.asm" exited with code 1.
